0 info it worked if it ends with ok
1 verbose cli [ '/usr/local/bin/node',
1 verbose cli   '/usr/local/bin/npm',
1 verbose cli   'install',
1 verbose cli   '../../../node_modules/censorify/censorify-0.1.1.tgz' ]
2 info using npm@1.4.28
3 info using node@v0.10.36
4 verbose config Skipping project config: /Users/b_wynn/.npmrc. (matches userconfig)
5 warn package.json censorify@0.1.1 No repository field.
6 verbose cache add [ '../../../node_modules/censorify/censorify-0.1.1.tgz', null ]
7 verbose cache add name=undefined spec="../../../node_modules/censorify/censorify-0.1.1.tgz" args=["../../../node_modules/censorify/censorify-0.1.1.tgz",null]
8 verbose parsed url { protocol: null,
8 verbose parsed url   slashes: null,
8 verbose parsed url   auth: null,
8 verbose parsed url   host: null,
8 verbose parsed url   port: null,
8 verbose parsed url   hostname: null,
8 verbose parsed url   hash: null,
8 verbose parsed url   search: null,
8 verbose parsed url   query: null,
8 verbose parsed url   pathname: '../../../node_modules/censorify/censorify-0.1.1.tgz',
8 verbose parsed url   path: '../../../node_modules/censorify/censorify-0.1.1.tgz',
8 verbose parsed url   href: '../../../node_modules/censorify/censorify-0.1.1.tgz' }
9 silly lockFile 39c86a7b-es-censorify-censorify-0-1-1-tgz ../../../node_modules/censorify/censorify-0.1.1.tgz
10 verbose lock ../../../node_modules/censorify/censorify-0.1.1.tgz /Users/b_wynn/.npm/39c86a7b-es-censorify-censorify-0-1-1-tgz.lock
11 silly lockFile 39c86a7b-es-censorify-censorify-0-1-1-tgz ../../../node_modules/censorify/censorify-0.1.1.tgz
12 silly lockFile 39c86a7b-es-censorify-censorify-0-1-1-tgz ../../../node_modules/censorify/censorify-0.1.1.tgz
13 error addLocal Could not install ../../../node_modules/censorify/censorify-0.1.1.tgz
14 error Error: ENOENT, stat '../../../node_modules/censorify/censorify-0.1.1.tgz'
15 error If you need help, you may report this *entire* log,
15 error including the npm and node versions, at:
15 error     <http://github.com/npm/npm/issues>
16 error System Darwin 14.1.0
17 error command "/usr/local/bin/node" "/usr/local/bin/npm" "install" "../../../node_modules/censorify/censorify-0.1.1.tgz"
18 error cwd /Users/b_wynn/Documents/mean_book/readwords
19 error node -v v0.10.36
20 error npm -v 1.4.28
21 error path ../../../node_modules/censorify/censorify-0.1.1.tgz
22 error code ENOENT
23 error errno 34
24 verbose exit [ 34, true ]
